<?xml version="1.0" encoding="UTF-8"?>
<coverage generated="1756976183987" clover="3.2.0">
  <project timestamp="1756976183987" name="All files">
    <metrics statements="130" coveredstatements="130" conditionals="95" coveredconditionals="73" methods="10" coveredmethods="10" elements="235" coveredelements="213" complexity="0" loc="130" ncloc="130" packages="1" files="1" classes="1"/>
    <file name="index.ts" path="/home/fusdev/Development/MyPackages/NPM/idr-formatting/src/index.ts">
      <metrics statements="130" coveredstatements="130" conditionals="95" coveredconditionals="73" methods="10" coveredmethods="10"/>
      <line num="44" count="72" type="cond" truecount="1" falsecount="0"/>
      <line num="45" count="72" type="cond" truecount="0" falsecount="1"/>
      <line num="46" count="72" type="stmt"/>
      <line num="47" count="72" type="cond" truecount="1" falsecount="0"/>
      <line num="48" count="138" type="stmt"/>
      <line num="49" count="138" type="stmt"/>
      <line num="50" count="138" type="cond" truecount="2" falsecount="0"/>
      <line num="51" count="138" type="stmt"/>
      <line num="52" count="72" type="stmt"/>
      <line num="53" count="72" type="stmt"/>
      <line num="56" count="7" type="cond" truecount="1" falsecount="0"/>
      <line num="57" count="7" type="cond" truecount="0" falsecount="2"/>
      <line num="58" count="7" type="cond" truecount="1" falsecount="0"/>
      <line num="59" count="7" type="cond" truecount="1" falsecount="0"/>
      <line num="61" count="1" type="cond" truecount="0" falsecount="2"/>
      <line num="62" count="1" type="stmt"/>
      <line num="63" count="1" type="stmt"/>
      <line num="64" count="1" type="cond" truecount="1" falsecount="0"/>
      <line num="65" count="7" type="cond" truecount="1" falsecount="1"/>
      <line num="66" count="7" type="cond" truecount="2" falsecount="0"/>
      <line num="69" count="4" type="stmt"/>
      <line num="70" count="7" type="cond" truecount="0" falsecount="1"/>
      <line num="71" count="7" type="cond" truecount="1" falsecount="1"/>
      <line num="74" count="4" type="stmt"/>
      <line num="75" count="7" type="cond" truecount="0" falsecount="1"/>
      <line num="76" count="7" type="stmt"/>
      <line num="77" count="7" type="stmt"/>
      <line num="78" count="7" type="stmt"/>
      <line num="81" count="62" type="cond" truecount="1" falsecount="0"/>
      <line num="82" count="62" type="stmt"/>
      <line num="83" count="62" type="cond" truecount="2" falsecount="0"/>
      <line num="84" count="37" type="stmt"/>
      <line num="85" count="37" type="stmt"/>
      <line num="88" count="7" type="cond" truecount="1" falsecount="0"/>
      <line num="89" count="7" type="cond" truecount="0" falsecount="1"/>
      <line num="90" count="7" type="stmt"/>
      <line num="91" count="7" type="stmt"/>
      <line num="92" count="7" type="stmt"/>
      <line num="94" count="7" type="stmt"/>
      <line num="95" count="7" type="stmt"/>
      <line num="96" count="7" type="stmt"/>
      <line num="97" count="7" type="stmt"/>
      <line num="98" count="7" type="cond" truecount="1" falsecount="0"/>
      <line num="99" count="1" type="stmt"/>
      <line num="100" count="1" type="cond" truecount="0" falsecount="1"/>
      <line num="101" count="1" type="stmt"/>
      <line num="102" count="7" type="cond" truecount="1" falsecount="0"/>
      <line num="103" count="6" type="cond" truecount="2" falsecount="1"/>
      <line num="104" count="5" type="stmt"/>
      <line num="105" count="5" type="stmt"/>
      <line num="106" count="5" type="stmt"/>
      <line num="107" count="6" type="cond" truecount="2" falsecount="0"/>
      <line num="108" count="6" type="stmt"/>
      <line num="109" count="7" type="stmt"/>
      <line num="110" count="7" type="stmt"/>
      <line num="112" count="76" type="cond" truecount="1" falsecount="0"/>
      <line num="113" count="76" type="cond" truecount="3" falsecount="0"/>
      <line num="114" count="76" type="stmt"/>
      <line num="138" count="1" type="cond" truecount="1" falsecount="0"/>
      <line num="139" count="79" type="stmt"/>
      <line num="140" count="79" type="stmt"/>
      <line num="141" count="79" type="stmt"/>
      <line num="142" count="79" type="cond" truecount="3" falsecount="0"/>
      <line num="143" count="79" type="cond" truecount="2" falsecount="0"/>
      <line num="145" count="72" type="stmt"/>
      <line num="147" count="72" type="stmt"/>
      <line num="148" count="72" type="stmt"/>
      <line num="149" count="79" type="cond" truecount="2" falsecount="0"/>
      <line num="151" count="72" type="cond" truecount="1" falsecount="0"/>
      <line num="152" count="72" type="cond" truecount="1" falsecount="0"/>
      <line num="153" count="65" type="stmt"/>
      <line num="154" count="65" type="cond" truecount="2" falsecount="0"/>
      <line num="155" count="65" type="cond" truecount="2" falsecount="0"/>
      <line num="156" count="65" type="stmt"/>
      <line num="157" count="72" type="cond" truecount="1" falsecount="0"/>
      <line num="158" count="7" type="cond" truecount="1" falsecount="0"/>
      <line num="159" count="7" type="stmt"/>
      <line num="160" count="7" type="cond" truecount="2" falsecount="0"/>
      <line num="161" count="7" type="stmt"/>
      <line num="162" count="72" type="stmt"/>
      <line num="164" count="72" type="stmt"/>
      <line num="166" count="79" type="cond" truecount="1" falsecount="0"/>
      <line num="167" count="12" type="stmt"/>
      <line num="168" count="12" type="stmt"/>
      <line num="169" count="12" type="stmt"/>
      <line num="170" count="12" type="cond" truecount="0" falsecount="2"/>
      <line num="171" count="12" type="cond" truecount="0" falsecount="1"/>
      <line num="172" count="12" type="stmt"/>
      <line num="173" count="79" type="cond" truecount="2" falsecount="0"/>
      <line num="174" count="24" type="stmt"/>
      <line num="175" count="24" type="stmt"/>
      <line num="176" count="24" type="cond" truecount="1" falsecount="0"/>
      <line num="177" count="4" type="cond" truecount="0" falsecount="1"/>
      <line num="178" count="4" type="stmt"/>
      <line num="179" count="24" type="cond" truecount="1" falsecount="0"/>
      <line num="180" count="20" type="stmt"/>
      <line num="181" count="20" type="cond" truecount="0" falsecount="2"/>
      <line num="182" count="20" type="cond" truecount="0" falsecount="1"/>
      <line num="183" count="20" type="stmt"/>
      <line num="184" count="20" type="stmt"/>
      <line num="185" count="60" type="cond" truecount="1" falsecount="0"/>
      <line num="186" count="36" type="cond" truecount="0" falsecount="1"/>
      <line num="187" count="36" type="stmt"/>
      <line num="188" count="36" type="cond" truecount="1" falsecount="0"/>
      <line num="190" count="79" type="cond" truecount="2" falsecount="0"/>
      <line num="191" count="79" type="stmt"/>
      <line num="211" count="1" type="cond" truecount="1" falsecount="0"/>
      <line num="212" count="55" type="stmt"/>
      <line num="213" count="55" type="stmt"/>
      <line num="214" count="55" type="stmt"/>
      <line num="215" count="55" type="cond" truecount="1" falsecount="0"/>
      <line num="216" count="55" type="cond" truecount="3" falsecount="0"/>
      <line num="218" count="52" type="stmt"/>
      <line num="219" count="52" type="stmt"/>
      <line num="220" count="55" type="cond" truecount="2" falsecount="0"/>
      <line num="222" count="52" type="stmt"/>
      <line num="223" count="55" type="cond" truecount="2" falsecount="0"/>
      <line num="225" count="50" type="stmt"/>
      <line num="227" count="50" type="stmt"/>
      <line num="228" count="55" type="cond" truecount="3" falsecount="0"/>
      <line num="230" count="48" type="stmt"/>
      <line num="231" count="55" type="cond" truecount="0" falsecount="1"/>
      <line num="232" count="55" type="stmt"/>
      <line num="234" count="55" type="cond" truecount="1" falsecount="0"/>
      <line num="235" count="7" type="cond" truecount="2" falsecount="0"/>
      <line num="236" count="55" type="cond" truecount="1" falsecount="0"/>
      <line num="237" count="41" type="cond" truecount="4" falsecount="0"/>
      <line num="238" count="41" type="cond" truecount="0" falsecount="1"/>
      <line num="239" count="41" type="stmt"/>
      <line num="240" count="55" type="stmt"/>
    </file>
  </project>
</coverage>
