<?xml version="1.0" encoding="UTF-8"?>
<coverage generated="1756973828973" clover="3.2.0">
  <project timestamp="1756973828973" name="All files">
    <metrics statements="112" coveredstatements="112" conditionals="74" coveredconditionals="63" methods="9" coveredmethods="9" elements="195" coveredelements="184" complexity="0" loc="112" ncloc="112" packages="1" files="1" classes="1"/>
    <file name="index.ts" path="/home/fusdev/Development/MyPackages/NPM/idr-formatting/src/index.ts">
      <metrics statements="112" coveredstatements="112" conditionals="74" coveredconditionals="63" methods="9" coveredmethods="9"/>
      <line num="43" count="4" type="cond" truecount="1" falsecount="0"/>
      <line num="44" count="4" type="cond" truecount="0" falsecount="1"/>
      <line num="45" count="4" type="stmt"/>
      <line num="46" count="4" type="stmt"/>
      <line num="47" count="4" type="stmt"/>
      <line num="49" count="4" type="stmt"/>
      <line num="50" count="4" type="stmt"/>
      <line num="51" count="4" type="stmt"/>
      <line num="52" count="4" type="stmt"/>
      <line num="53" count="4" type="cond" truecount="1" falsecount="0"/>
      <line num="54" count="1" type="stmt"/>
      <line num="55" count="1" type="cond" truecount="0" falsecount="1"/>
      <line num="56" count="1" type="stmt"/>
      <line num="57" count="4" type="cond" truecount="1" falsecount="0"/>
      <line num="58" count="3" type="cond" truecount="0" falsecount="1"/>
      <line num="59" count="3" type="stmt"/>
      <line num="60" count="3" type="stmt"/>
      <line num="61" count="3" type="stmt"/>
      <line num="62" count="3" type="cond" truecount="2" falsecount="0"/>
      <line num="63" count="3" type="stmt"/>
      <line num="64" count="4" type="stmt"/>
      <line num="65" count="4" type="stmt"/>
      <line num="67" count="67" type="cond" truecount="1" falsecount="0"/>
      <line num="68" count="67" type="cond" truecount="3" falsecount="0"/>
      <line num="69" count="67" type="stmt"/>
      <line num="72" count="57" type="cond" truecount="1" falsecount="0"/>
      <line num="73" count="57" type="stmt"/>
      <line num="74" count="57" type="cond" truecount="2" falsecount="0"/>
      <line num="75" count="33" type="stmt"/>
      <line num="76" count="33" type="stmt"/>
      <line num="79" count="69" type="cond" truecount="1" falsecount="0"/>
      <line num="80" count="69" type="stmt"/>
      <line num="81" count="69" type="stmt"/>
      <line num="119" count="1" type="cond" truecount="1" falsecount="0"/>
      <line num="120" count="70" type="stmt"/>
      <line num="121" count="70" type="stmt"/>
      <line num="122" count="70" type="stmt"/>
      <line num="123" count="70" type="cond" truecount="4" falsecount="0"/>
      <line num="126" count="70" type="cond" truecount="1" falsecount="0"/>
      <line num="128" count="1" type="stmt"/>
      <line num="129" count="1" type="cond" truecount="1" falsecount="0"/>
      <line num="131" count="66" type="stmt"/>
      <line num="133" count="66" type="stmt"/>
      <line num="134" count="66" type="stmt"/>
      <line num="135" count="70" type="cond" truecount="2" falsecount="0"/>
      <line num="138" count="66" type="cond" truecount="1" falsecount="0"/>
      <line num="139" count="66" type="cond" truecount="1" falsecount="0"/>
      <line num="140" count="63" type="cond" truecount="3" falsecount="0"/>
      <line num="141" count="63" type="cond" truecount="2" falsecount="0"/>
      <line num="142" count="63" type="stmt"/>
      <line num="143" count="66" type="cond" truecount="1" falsecount="0"/>
      <line num="145" count="3" type="cond" truecount="1" falsecount="0"/>
      <line num="146" count="3" type="stmt"/>
      <line num="147" count="3" type="stmt"/>
      <line num="148" count="3" type="stmt"/>
      <line num="149" count="3" type="cond" truecount="2" falsecount="0"/>
      <line num="150" count="3" type="stmt"/>
      <line num="151" count="66" type="stmt"/>
      <line num="153" count="66" type="stmt"/>
      <line num="156" count="70" type="cond" truecount="1" falsecount="0"/>
      <line num="157" count="10" type="stmt"/>
      <line num="158" count="10" type="stmt"/>
      <line num="159" count="10" type="stmt"/>
      <line num="160" count="10" type="cond" truecount="0" falsecount="1"/>
      <line num="161" count="10" type="stmt"/>
      <line num="162" count="10" type="cond" truecount="1" falsecount="0"/>
      <line num="165" count="56" type="cond" truecount="1" falsecount="0"/>
      <line num="166" count="21" type="stmt"/>
      <line num="167" count="21" type="stmt"/>
      <line num="168" count="21" type="cond" truecount="1" falsecount="0"/>
      <line num="169" count="4" type="stmt"/>
      <line num="170" count="4" type="cond" truecount="0" falsecount="1"/>
      <line num="171" count="4" type="stmt"/>
      <line num="172" count="21" type="cond" truecount="1" falsecount="0"/>
      <line num="174" count="17" type="stmt"/>
      <line num="175" count="17" type="cond" truecount="0" falsecount="1"/>
      <line num="176" count="17" type="cond" truecount="0" falsecount="1"/>
      <line num="177" count="17" type="cond" truecount="0" falsecount="1"/>
      <line num="178" count="17" type="stmt"/>
      <line num="179" count="17" type="stmt"/>
      <line num="180" count="21" type="cond" truecount="1" falsecount="0"/>
      <line num="183" count="35" type="stmt"/>
      <line num="184" count="35" type="stmt"/>
      <line num="185" count="35" type="cond" truecount="0" falsecount="1"/>
      <line num="186" count="35" type="stmt"/>
      <line num="187" count="35" type="cond" truecount="1" falsecount="0"/>
      <line num="189" count="70" type="cond" truecount="2" falsecount="0"/>
      <line num="190" count="70" type="stmt"/>
      <line num="221" count="1" type="cond" truecount="1" falsecount="0"/>
      <line num="222" count="52" type="stmt"/>
      <line num="223" count="52" type="stmt"/>
      <line num="224" count="52" type="stmt"/>
      <line num="225" count="52" type="cond" truecount="1" falsecount="0"/>
      <line num="226" count="52" type="cond" truecount="4" falsecount="0"/>
      <line num="228" count="49" type="stmt"/>
      <line num="229" count="49" type="stmt"/>
      <line num="230" count="52" type="cond" truecount="2" falsecount="0"/>
      <line num="233" count="49" type="stmt"/>
      <line num="234" count="52" type="cond" truecount="2" falsecount="0"/>
      <line num="237" count="47" type="stmt"/>
      <line num="240" count="47" type="stmt"/>
      <line num="241" count="52" type="cond" truecount="3" falsecount="0"/>
      <line num="243" count="45" type="stmt"/>
      <line num="244" count="52" type="cond" truecount="0" falsecount="1"/>
      <line num="245" count="52" type="stmt"/>
      <line num="247" count="52" type="cond" truecount="1" falsecount="0"/>
      <line num="248" count="4" type="cond" truecount="2" falsecount="0"/>
      <line num="249" count="52" type="cond" truecount="1" falsecount="0"/>
      <line num="250" count="41" type="cond" truecount="4" falsecount="0"/>
      <line num="251" count="41" type="cond" truecount="0" falsecount="1"/>
      <line num="252" count="41" type="stmt"/>
      <line num="253" count="52" type="stmt"/>
    </file>
  </project>
</coverage>
