{"/home/fusdev/Development/MyPackages/NPM/idr-formatting/src/index.ts": {"path":"/home/fusdev/Development/MyPackages/NPM/idr-formatting/src/index.ts","all":false,"statementMap":{"43":{"start":{"line":44,"column":0},"end":{"line":44,"column":52}},"44":{"start":{"line":45,"column":0},"end":{"line":45,"column":48}},"45":{"start":{"line":46,"column":0},"end":{"line":46,"column":14}},"46":{"start":{"line":47,"column":0},"end":{"line":47,"column":46}},"47":{"start":{"line":48,"column":0},"end":{"line":48,"column":36}},"48":{"start":{"line":49,"column":0},"end":{"line":49,"column":40}},"49":{"start":{"line":50,"column":0},"end":{"line":50,"column":41}},"50":{"start":{"line":51,"column":0},"end":{"line":51,"column":3}},"51":{"start":{"line":52,"column":0},"end":{"line":52,"column":12}},"52":{"start":{"line":53,"column":0},"end":{"line":53,"column":1}},"55":{"start":{"line":56,"column":0},"end":{"line":56,"column":111}},"56":{"start":{"line":57,"column":0},"end":{"line":57,"column":61}},"57":{"start":{"line":58,"column":0},"end":{"line":58,"column":53}},"58":{"start":{"line":59,"column":0},"end":{"line":59,"column":22}},"60":{"start":{"line":61,"column":0},"end":{"line":61,"column":56}},"61":{"start":{"line":62,"column":0},"end":{"line":62,"column":38}},"62":{"start":{"line":63,"column":0},"end":{"line":63,"column":39}},"63":{"start":{"line":64,"column":0},"end":{"line":64,"column":3}},"64":{"start":{"line":65,"column":0},"end":{"line":65,"column":65}},"65":{"start":{"line":66,"column":0},"end":{"line":66,"column":85}},"68":{"start":{"line":69,"column":0},"end":{"line":69,"column":40}},"69":{"start":{"line":70,"column":0},"end":{"line":70,"column":38}},"70":{"start":{"line":71,"column":0},"end":{"line":71,"column":46}},"73":{"start":{"line":74,"column":0},"end":{"line":74,"column":96}},"74":{"start":{"line":75,"column":0},"end":{"line":75,"column":57}},"75":{"start":{"line":76,"column":0},"end":{"line":76,"column":35}},"76":{"start":{"line":77,"column":0},"end":{"line":77,"column":29}},"77":{"start":{"line":78,"column":0},"end":{"line":78,"column":1}},"80":{"start":{"line":81,"column":0},"end":{"line":81,"column":48}},"81":{"start":{"line":82,"column":0},"end":{"line":82,"column":28}},"82":{"start":{"line":83,"column":0},"end":{"line":83,"column":23}},"83":{"start":{"line":84,"column":0},"end":{"line":84,"column":65}},"84":{"start":{"line":85,"column":0},"end":{"line":85,"column":1}},"87":{"start":{"line":88,"column":0},"end":{"line":88,"column":83}},"88":{"start":{"line":89,"column":0},"end":{"line":89,"column":52}},"89":{"start":{"line":90,"column":0},"end":{"line":90,"column":44}},"90":{"start":{"line":91,"column":0},"end":{"line":91,"column":24}},"91":{"start":{"line":92,"column":0},"end":{"line":92,"column":29}},"93":{"start":{"line":94,"column":0},"end":{"line":94,"column":10}},"94":{"start":{"line":95,"column":0},"end":{"line":95,"column":9}},"95":{"start":{"line":96,"column":0},"end":{"line":96,"column":10}},"96":{"start":{"line":97,"column":0},"end":{"line":97,"column":10}},"97":{"start":{"line":98,"column":0},"end":{"line":98,"column":16}},"98":{"start":{"line":99,"column":0},"end":{"line":99,"column":51}},"99":{"start":{"line":100,"column":0},"end":{"line":100,"column":33}},"100":{"start":{"line":101,"column":0},"end":{"line":101,"column":6}},"101":{"start":{"line":102,"column":0},"end":{"line":102,"column":16}},"102":{"start":{"line":103,"column":0},"end":{"line":103,"column":73}},"103":{"start":{"line":104,"column":0},"end":{"line":104,"column":57}},"104":{"start":{"line":105,"column":0},"end":{"line":105,"column":47}},"105":{"start":{"line":106,"column":0},"end":{"line":106,"column":34}},"106":{"start":{"line":107,"column":0},"end":{"line":107,"column":57}},"107":{"start":{"line":108,"column":0},"end":{"line":108,"column":5}},"108":{"start":{"line":109,"column":0},"end":{"line":109,"column":3}},"109":{"start":{"line":110,"column":0},"end":{"line":110,"column":1}},"111":{"start":{"line":112,"column":0},"end":{"line":112,"column":48}},"112":{"start":{"line":113,"column":0},"end":{"line":113,"column":87}},"113":{"start":{"line":114,"column":0},"end":{"line":114,"column":1}},"137":{"start":{"line":138,"column":0},"end":{"line":138,"column":26}},"138":{"start":{"line":139,"column":0},"end":{"line":139,"column":55}},"139":{"start":{"line":140,"column":0},"end":{"line":140,"column":32}},"140":{"start":{"line":141,"column":0},"end":{"line":141,"column":11}},"141":{"start":{"line":142,"column":0},"end":{"line":142,"column":46}},"142":{"start":{"line":143,"column":0},"end":{"line":143,"column":68}},"144":{"start":{"line":145,"column":0},"end":{"line":145,"column":57}},"146":{"start":{"line":147,"column":0},"end":{"line":147,"column":32}},"147":{"start":{"line":148,"column":0},"end":{"line":148,"column":38}},"148":{"start":{"line":149,"column":0},"end":{"line":149,"column":34}},"150":{"start":{"line":151,"column":0},"end":{"line":151,"column":68}},"151":{"start":{"line":152,"column":0},"end":{"line":152,"column":30}},"152":{"start":{"line":153,"column":0},"end":{"line":153,"column":47}},"153":{"start":{"line":154,"column":0},"end":{"line":154,"column":35}},"154":{"start":{"line":155,"column":0},"end":{"line":155,"column":69}},"155":{"start":{"line":156,"column":0},"end":{"line":156,"column":29}},"156":{"start":{"line":157,"column":0},"end":{"line":157,"column":12}},"157":{"start":{"line":158,"column":0},"end":{"line":158,"column":81}},"158":{"start":{"line":159,"column":0},"end":{"line":159,"column":39}},"159":{"start":{"line":160,"column":0},"end":{"line":160,"column":49}},"160":{"start":{"line":161,"column":0},"end":{"line":161,"column":5}},"161":{"start":{"line":162,"column":0},"end":{"line":162,"column":3}},"163":{"start":{"line":164,"column":0},"end":{"line":164,"column":18}},"165":{"start":{"line":166,"column":0},"end":{"line":166,"column":26}},"166":{"start":{"line":167,"column":0},"end":{"line":167,"column":44}},"167":{"start":{"line":168,"column":0},"end":{"line":168,"column":40}},"168":{"start":{"line":169,"column":0},"end":{"line":169,"column":50}},"169":{"start":{"line":170,"column":0},"end":{"line":170,"column":63}},"170":{"start":{"line":171,"column":0},"end":{"line":171,"column":56}},"171":{"start":{"line":172,"column":0},"end":{"line":172,"column":42}},"172":{"start":{"line":173,"column":0},"end":{"line":173,"column":33}},"173":{"start":{"line":174,"column":0},"end":{"line":174,"column":37}},"174":{"start":{"line":175,"column":0},"end":{"line":175,"column":49}},"175":{"start":{"line":176,"column":0},"end":{"line":176,"column":34}},"176":{"start":{"line":177,"column":0},"end":{"line":177,"column":48}},"177":{"start":{"line":178,"column":0},"end":{"line":178,"column":30}},"178":{"start":{"line":179,"column":0},"end":{"line":179,"column":12}},"179":{"start":{"line":180,"column":0},"end":{"line":180,"column":48}},"180":{"start":{"line":181,"column":0},"end":{"line":181,"column":62}},"181":{"start":{"line":182,"column":0},"end":{"line":182,"column":56}},"182":{"start":{"line":183,"column":0},"end":{"line":183,"column":44}},"183":{"start":{"line":184,"column":0},"end":{"line":184,"column":5}},"184":{"start":{"line":185,"column":0},"end":{"line":185,"column":10}},"185":{"start":{"line":186,"column":0},"end":{"line":186,"column":48}},"186":{"start":{"line":187,"column":0},"end":{"line":187,"column":28}},"187":{"start":{"line":188,"column":0},"end":{"line":188,"column":3}},"189":{"start":{"line":190,"column":0},"end":{"line":190,"column":43}},"190":{"start":{"line":191,"column":0},"end":{"line":191,"column":1}},"210":{"start":{"line":211,"column":0},"end":{"line":211,"column":25}},"211":{"start":{"line":212,"column":0},"end":{"line":212,"column":42}},"212":{"start":{"line":213,"column":0},"end":{"line":213,"column":28}},"213":{"start":{"line":214,"column":0},"end":{"line":214,"column":29}},"214":{"start":{"line":215,"column":0},"end":{"line":215,"column":36}},"215":{"start":{"line":216,"column":0},"end":{"line":216,"column":44}},"217":{"start":{"line":218,"column":0},"end":{"line":218,"column":28}},"218":{"start":{"line":219,"column":0},"end":{"line":219,"column":38}},"219":{"start":{"line":220,"column":0},"end":{"line":220,"column":32}},"221":{"start":{"line":222,"column":0},"end":{"line":222,"column":32}},"222":{"start":{"line":223,"column":0},"end":{"line":223,"column":21}},"224":{"start":{"line":225,"column":0},"end":{"line":225,"column":27}},"226":{"start":{"line":227,"column":0},"end":{"line":227,"column":59}},"227":{"start":{"line":228,"column":0},"end":{"line":228,"column":58}},"229":{"start":{"line":230,"column":0},"end":{"line":230,"column":53}},"230":{"start":{"line":231,"column":0},"end":{"line":231,"column":52}},"231":{"start":{"line":232,"column":0},"end":{"line":232,"column":45}},"233":{"start":{"line":234,"column":0},"end":{"line":234,"column":25}},"234":{"start":{"line":235,"column":0},"end":{"line":235,"column":63}},"235":{"start":{"line":236,"column":0},"end":{"line":236,"column":10}},"236":{"start":{"line":237,"column":0},"end":{"line":237,"column":96}},"237":{"start":{"line":238,"column":0},"end":{"line":238,"column":44}},"238":{"start":{"line":239,"column":0},"end":{"line":239,"column":3}},"239":{"start":{"line":240,"column":0},"end":{"line":240,"column":1}}},"s":{"43":72,"44":72,"45":72,"46":72,"47":138,"48":138,"49":138,"50":138,"51":72,"52":72,"55":7,"56":7,"57":7,"58":7,"60":1,"61":1,"62":1,"63":1,"64":7,"65":7,"68":4,"69":7,"70":7,"73":4,"74":7,"75":7,"76":7,"77":7,"80":62,"81":62,"82":62,"83":37,"84":37,"87":7,"88":7,"89":7,"90":7,"91":7,"93":7,"94":7,"95":7,"96":7,"97":7,"98":1,"99":1,"100":1,"101":7,"102":6,"103":5,"104":5,"105":5,"106":6,"107":6,"108":7,"109":7,"111":76,"112":76,"113":76,"137":1,"138":79,"139":79,"140":79,"141":79,"142":79,"144":72,"146":72,"147":72,"148":79,"150":72,"151":72,"152":65,"153":65,"154":65,"155":65,"156":72,"157":7,"158":7,"159":7,"160":7,"161":72,"163":72,"165":79,"166":12,"167":12,"168":12,"169":12,"170":12,"171":12,"172":79,"173":24,"174":24,"175":24,"176":4,"177":4,"178":24,"179":20,"180":20,"181":20,"182":20,"183":20,"184":60,"185":36,"186":36,"187":36,"189":79,"190":79,"210":1,"211":55,"212":55,"213":55,"214":55,"215":55,"217":52,"218":52,"219":55,"221":52,"222":55,"224":50,"226":50,"227":55,"229":48,"230":55,"231":55,"233":55,"234":7,"235":55,"236":41,"237":41,"238":41,"239":55},"branchMap":{"0":{"type":"branch","line":44,"loc":{"start":{"line":44,"column":0},"end":{"line":53,"column":1}},"locations":[{"start":{"line":44,"column":0},"end":{"line":53,"column":1}}]},"1":{"type":"branch","line":45,"loc":{"start":{"line":45,"column":40},"end":{"line":45,"column":48}},"locations":[{"start":{"line":45,"column":40},"end":{"line":45,"column":48}}]},"2":{"type":"branch","line":47,"loc":{"start":{"line":47,"column":45},"end":{"line":51,"column":3}},"locations":[{"start":{"line":47,"column":45},"end":{"line":51,"column":3}}]},"3":{"type":"branch","line":50,"loc":{"start":{"line":50,"column":10},"end":{"line":50,"column":36}},"locations":[{"start":{"line":50,"column":10},"end":{"line":50,"column":36}}]},"4":{"type":"branch","line":50,"loc":{"start":{"line":50,"column":31},"end":{"line":50,"column":41}},"locations":[{"start":{"line":50,"column":31},"end":{"line":50,"column":41}}]},"5":{"type":"branch","line":56,"loc":{"start":{"line":56,"column":0},"end":{"line":78,"column":1}},"locations":[{"start":{"line":56,"column":0},"end":{"line":78,"column":1}}]},"6":{"type":"branch","line":57,"loc":{"start":{"line":57,"column":18},"end":{"line":57,"column":36}},"locations":[{"start":{"line":57,"column":18},"end":{"line":57,"column":36}}]},"7":{"type":"branch","line":57,"loc":{"start":{"line":57,"column":53},"end":{"line":57,"column":61}},"locations":[{"start":{"line":57,"column":53},"end":{"line":57,"column":61}}]},"8":{"type":"branch","line":58,"loc":{"start":{"line":58,"column":18},"end":{"line":58,"column":35}},"locations":[{"start":{"line":58,"column":18},"end":{"line":58,"column":35}}]},"9":{"type":"branch","line":59,"loc":{"start":{"line":59,"column":21},"end":{"line":64,"column":3}},"locations":[{"start":{"line":59,"column":21},"end":{"line":64,"column":3}}]},"10":{"type":"branch","line":61,"loc":{"start":{"line":61,"column":26},"end":{"line":61,"column":49}},"locations":[{"start":{"line":61,"column":26},"end":{"line":61,"column":49}}]},"11":{"type":"branch","line":61,"loc":{"start":{"line":61,"column":45},"end":{"line":61,"column":54}},"locations":[{"start":{"line":61,"column":45},"end":{"line":61,"column":54}}]},"12":{"type":"branch","line":64,"loc":{"start":{"line":64,"column":2},"end":{"line":65,"column":41}},"locations":[{"start":{"line":64,"column":2},"end":{"line":65,"column":41}}]},"13":{"type":"branch","line":65,"loc":{"start":{"line":65,"column":34},"end":{"line":65,"column":65}},"locations":[{"start":{"line":65,"column":34},"end":{"line":65,"column":65}}]},"14":{"type":"branch","line":65,"loc":{"start":{"line":65,"column":64},"end":{"line":66,"column":39}},"locations":[{"start":{"line":65,"column":64},"end":{"line":66,"column":39}}]},"15":{"type":"branch","line":66,"loc":{"start":{"line":66,"column":32},"end":{"line":66,"column":85}},"locations":[{"start":{"line":66,"column":32},"end":{"line":66,"column":85}}]},"16":{"type":"branch","line":66,"loc":{"start":{"line":66,"column":84},"end":{"line":70,"column":35}},"locations":[{"start":{"line":66,"column":84},"end":{"line":70,"column":35}}]},"17":{"type":"branch","line":70,"loc":{"start":{"line":70,"column":30},"end":{"line":70,"column":38}},"locations":[{"start":{"line":70,"column":30},"end":{"line":70,"column":38}}]},"18":{"type":"branch","line":71,"loc":{"start":{"line":71,"column":17},"end":{"line":71,"column":46}},"locations":[{"start":{"line":71,"column":17},"end":{"line":71,"column":46}}]},"19":{"type":"branch","line":71,"loc":{"start":{"line":71,"column":45},"end":{"line":75,"column":54}},"locations":[{"start":{"line":71,"column":45},"end":{"line":75,"column":54}}]},"20":{"type":"branch","line":75,"loc":{"start":{"line":75,"column":49},"end":{"line":75,"column":57}},"locations":[{"start":{"line":75,"column":49},"end":{"line":75,"column":57}}]},"21":{"type":"branch","line":81,"loc":{"start":{"line":81,"column":0},"end":{"line":85,"column":1}},"locations":[{"start":{"line":81,"column":0},"end":{"line":85,"column":1}}]},"22":{"type":"branch","line":83,"loc":{"start":{"line":83,"column":15},"end":{"line":83,"column":23}},"locations":[{"start":{"line":83,"column":15},"end":{"line":83,"column":23}}]},"23":{"type":"branch","line":83,"loc":{"start":{"line":83,"column":22},"end":{"line":85,"column":1}},"locations":[{"start":{"line":83,"column":22},"end":{"line":85,"column":1}}]},"24":{"type":"branch","line":88,"loc":{"start":{"line":88,"column":0},"end":{"line":110,"column":1}},"locations":[{"start":{"line":88,"column":0},"end":{"line":110,"column":1}}]},"25":{"type":"branch","line":89,"loc":{"start":{"line":89,"column":44},"end":{"line":89,"column":52}},"locations":[{"start":{"line":89,"column":44},"end":{"line":89,"column":52}}]},"26":{"type":"branch","line":98,"loc":{"start":{"line":98,"column":4},"end":{"line":101,"column":6}},"locations":[{"start":{"line":98,"column":4},"end":{"line":101,"column":6}}]},"27":{"type":"branch","line":100,"loc":{"start":{"line":100,"column":22},"end":{"line":100,"column":32}},"locations":[{"start":{"line":100,"column":22},"end":{"line":100,"column":32}}]},"28":{"type":"branch","line":102,"loc":{"start":{"line":102,"column":4},"end":{"line":108,"column":5}},"locations":[{"start":{"line":102,"column":4},"end":{"line":108,"column":5}}]},"29":{"type":"branch","line":103,"loc":{"start":{"line":103,"column":23},"end":{"line":103,"column":73}},"locations":[{"start":{"line":103,"column":23},"end":{"line":103,"column":73}}]},"30":{"type":"branch","line":103,"loc":{"start":{"line":103,"column":40},"end":{"line":103,"column":51}},"locations":[{"start":{"line":103,"column":40},"end":{"line":103,"column":51}}]},"31":{"type":"branch","line":103,"loc":{"start":{"line":103,"column":72},"end":{"line":107,"column":28}},"locations":[{"start":{"line":103,"column":72},"end":{"line":107,"column":28}}]},"32":{"type":"branch","line":107,"loc":{"start":{"line":107,"column":23},"end":{"line":107,"column":34}},"locations":[{"start":{"line":107,"column":23},"end":{"line":107,"column":34}}]},"33":{"type":"branch","line":107,"loc":{"start":{"line":107,"column":28},"end":{"line":107,"column":40}},"locations":[{"start":{"line":107,"column":28},"end":{"line":107,"column":40}}]},"34":{"type":"branch","line":112,"loc":{"start":{"line":112,"column":0},"end":{"line":114,"column":1}},"locations":[{"start":{"line":112,"column":0},"end":{"line":114,"column":1}}]},"35":{"type":"branch","line":113,"loc":{"start":{"line":113,"column":11},"end":{"line":113,"column":41}},"locations":[{"start":{"line":113,"column":11},"end":{"line":113,"column":41}}]},"36":{"type":"branch","line":113,"loc":{"start":{"line":113,"column":29},"end":{"line":113,"column":66}},"locations":[{"start":{"line":113,"column":29},"end":{"line":113,"column":66}}]},"37":{"type":"branch","line":113,"loc":{"start":{"line":113,"column":53},"end":{"line":113,"column":87}},"locations":[{"start":{"line":113,"column":53},"end":{"line":113,"column":87}}]},"38":{"type":"branch","line":138,"loc":{"start":{"line":138,"column":7},"end":{"line":191,"column":1}},"locations":[{"start":{"line":138,"column":7},"end":{"line":191,"column":1}}]},"39":{"type":"branch","line":142,"loc":{"start":{"line":142,"column":15},"end":{"line":142,"column":37}},"locations":[{"start":{"line":142,"column":15},"end":{"line":142,"column":37}}]},"40":{"type":"branch","line":142,"loc":{"start":{"line":142,"column":37},"end":{"line":142,"column":46}},"locations":[{"start":{"line":142,"column":37},"end":{"line":142,"column":46}}]},"41":{"type":"branch","line":142,"loc":{"start":{"line":142,"column":44},"end":{"line":143,"column":32}},"locations":[{"start":{"line":142,"column":44},"end":{"line":143,"column":32}}]},"42":{"type":"branch","line":143,"loc":{"start":{"line":143,"column":25},"end":{"line":143,"column":68}},"locations":[{"start":{"line":143,"column":25},"end":{"line":143,"column":68}}]},"43":{"type":"branch","line":143,"loc":{"start":{"line":143,"column":67},"end":{"line":149,"column":22}},"locations":[{"start":{"line":143,"column":67},"end":{"line":149,"column":22}}]},"44":{"type":"branch","line":149,"loc":{"start":{"line":149,"column":16},"end":{"line":149,"column":34}},"locations":[{"start":{"line":149,"column":16},"end":{"line":149,"column":34}}]},"45":{"type":"branch","line":149,"loc":{"start":{"line":149,"column":33},"end":{"line":166,"column":25}},"locations":[{"start":{"line":149,"column":33},"end":{"line":166,"column":25}}]},"46":{"type":"branch","line":166,"loc":{"start":{"line":166,"column":25},"end":{"line":173,"column":13}},"locations":[{"start":{"line":166,"column":25},"end":{"line":173,"column":13}}]},"47":{"type":"branch","line":170,"loc":{"start":{"line":170,"column":23},"end":{"line":170,"column":38}},"locations":[{"start":{"line":170,"column":23},"end":{"line":170,"column":38}}]},"48":{"type":"branch","line":170,"loc":{"start":{"line":170,"column":55},"end":{"line":170,"column":63}},"locations":[{"start":{"line":170,"column":55},"end":{"line":170,"column":63}}]},"49":{"type":"branch","line":171,"loc":{"start":{"line":171,"column":23},"end":{"line":171,"column":38}},"locations":[{"start":{"line":171,"column":23},"end":{"line":171,"column":38}}]},"50":{"type":"branch","line":173,"loc":{"start":{"line":173,"column":2},"end":{"line":188,"column":3}},"locations":[{"start":{"line":173,"column":2},"end":{"line":188,"column":3}}]},"51":{"type":"branch","line":173,"loc":{"start":{"line":173,"column":32},"end":{"line":185,"column":9}},"locations":[{"start":{"line":173,"column":32},"end":{"line":185,"column":9}}]},"52":{"type":"branch","line":176,"loc":{"start":{"line":176,"column":33},"end":{"line":179,"column":11}},"locations":[{"start":{"line":176,"column":33},"end":{"line":179,"column":11}}]},"53":{"type":"branch","line":177,"loc":{"start":{"line":177,"column":40},"end":{"line":177,"column":48}},"locations":[{"start":{"line":177,"column":40},"end":{"line":177,"column":48}}]},"54":{"type":"branch","line":179,"loc":{"start":{"line":179,"column":4},"end":{"line":184,"column":5}},"locations":[{"start":{"line":179,"column":4},"end":{"line":184,"column":5}}]},"55":{"type":"branch","line":181,"loc":{"start":{"line":181,"column":25},"end":{"line":181,"column":37}},"locations":[{"start":{"line":181,"column":25},"end":{"line":181,"column":37}}]},"56":{"type":"branch","line":181,"loc":{"start":{"line":181,"column":54},"end":{"line":181,"column":62}},"locations":[{"start":{"line":181,"column":54},"end":{"line":181,"column":62}}]},"57":{"type":"branch","line":182,"loc":{"start":{"line":182,"column":25},"end":{"line":182,"column":38}},"locations":[{"start":{"line":182,"column":25},"end":{"line":182,"column":38}}]},"58":{"type":"branch","line":185,"loc":{"start":{"line":185,"column":2},"end":{"line":188,"column":3}},"locations":[{"start":{"line":185,"column":2},"end":{"line":188,"column":3}}]},"59":{"type":"branch","line":186,"loc":{"start":{"line":186,"column":40},"end":{"line":186,"column":48}},"locations":[{"start":{"line":186,"column":40},"end":{"line":186,"column":48}}]},"60":{"type":"branch","line":188,"loc":{"start":{"line":188,"column":2},"end":{"line":190,"column":20}},"locations":[{"start":{"line":188,"column":2},"end":{"line":190,"column":20}}]},"61":{"type":"branch","line":190,"loc":{"start":{"line":190,"column":9},"end":{"line":190,"column":36}},"locations":[{"start":{"line":190,"column":9},"end":{"line":190,"column":36}}]},"62":{"type":"branch","line":190,"loc":{"start":{"line":190,"column":31},"end":{"line":190,"column":43}},"locations":[{"start":{"line":190,"column":31},"end":{"line":190,"column":43}}]},"63":{"type":"branch","line":151,"loc":{"start":{"line":151,"column":2},"end":{"line":162,"column":3}},"locations":[{"start":{"line":151,"column":2},"end":{"line":162,"column":3}}]},"64":{"type":"branch","line":152,"loc":{"start":{"line":152,"column":29},"end":{"line":157,"column":11}},"locations":[{"start":{"line":152,"column":29},"end":{"line":157,"column":11}}]},"65":{"type":"branch","line":154,"loc":{"start":{"line":154,"column":24},"end":{"line":154,"column":35}},"locations":[{"start":{"line":154,"column":24},"end":{"line":154,"column":35}}]},"66":{"type":"branch","line":154,"loc":{"start":{"line":154,"column":31},"end":{"line":155,"column":29}},"locations":[{"start":{"line":154,"column":31},"end":{"line":155,"column":29}}]},"67":{"type":"branch","line":155,"loc":{"start":{"line":155,"column":18},"end":{"line":155,"column":58}},"locations":[{"start":{"line":155,"column":18},"end":{"line":155,"column":58}}]},"68":{"type":"branch","line":155,"loc":{"start":{"line":155,"column":54},"end":{"line":155,"column":69}},"locations":[{"start":{"line":155,"column":54},"end":{"line":155,"column":69}}]},"69":{"type":"branch","line":157,"loc":{"start":{"line":157,"column":4},"end":{"line":161,"column":5}},"locations":[{"start":{"line":157,"column":4},"end":{"line":161,"column":5}}]},"70":{"type":"branch","line":158,"loc":{"start":{"line":158,"column":53},"end":{"line":158,"column":72}},"locations":[{"start":{"line":158,"column":53},"end":{"line":158,"column":72}}]},"71":{"type":"branch","line":160,"loc":{"start":{"line":160,"column":24},"end":{"line":160,"column":45}},"locations":[{"start":{"line":160,"column":24},"end":{"line":160,"column":45}}]},"72":{"type":"branch","line":160,"loc":{"start":{"line":160,"column":40},"end":{"line":160,"column":49}},"locations":[{"start":{"line":160,"column":40},"end":{"line":160,"column":49}}]},"73":{"type":"branch","line":211,"loc":{"start":{"line":211,"column":7},"end":{"line":240,"column":1}},"locations":[{"start":{"line":211,"column":7},"end":{"line":240,"column":1}}]},"74":{"type":"branch","line":215,"loc":{"start":{"line":215,"column":20},"end":{"line":215,"column":36}},"locations":[{"start":{"line":215,"column":20},"end":{"line":215,"column":36}}]},"75":{"type":"branch","line":216,"loc":{"start":{"line":216,"column":13},"end":{"line":216,"column":33}},"locations":[{"start":{"line":216,"column":13},"end":{"line":216,"column":33}}]},"76":{"type":"branch","line":216,"loc":{"start":{"line":216,"column":33},"end":{"line":216,"column":44}},"locations":[{"start":{"line":216,"column":33},"end":{"line":216,"column":44}}]},"77":{"type":"branch","line":216,"loc":{"start":{"line":216,"column":40},"end":{"line":220,"column":22}},"locations":[{"start":{"line":216,"column":40},"end":{"line":220,"column":22}}]},"78":{"type":"branch","line":220,"loc":{"start":{"line":220,"column":18},"end":{"line":220,"column":32}},"locations":[{"start":{"line":220,"column":18},"end":{"line":220,"column":32}}]},"79":{"type":"branch","line":220,"loc":{"start":{"line":220,"column":31},"end":{"line":223,"column":17}},"locations":[{"start":{"line":220,"column":31},"end":{"line":223,"column":17}}]},"80":{"type":"branch","line":223,"loc":{"start":{"line":223,"column":10},"end":{"line":223,"column":21}},"locations":[{"start":{"line":223,"column":10},"end":{"line":223,"column":21}}]},"81":{"type":"branch","line":223,"loc":{"start":{"line":223,"column":17},"end":{"line":228,"column":27}},"locations":[{"start":{"line":223,"column":17},"end":{"line":228,"column":27}}]},"82":{"type":"branch","line":228,"loc":{"start":{"line":228,"column":21},"end":{"line":228,"column":47}},"locations":[{"start":{"line":228,"column":21},"end":{"line":228,"column":47}}]},"83":{"type":"branch","line":228,"loc":{"start":{"line":228,"column":47},"end":{"line":228,"column":58}},"locations":[{"start":{"line":228,"column":47},"end":{"line":228,"column":58}}]},"84":{"type":"branch","line":228,"loc":{"start":{"line":228,"column":54},"end":{"line":231,"column":49}},"locations":[{"start":{"line":228,"column":54},"end":{"line":231,"column":49}}]},"85":{"type":"branch","line":231,"loc":{"start":{"line":231,"column":44},"end":{"line":231,"column":52}},"locations":[{"start":{"line":231,"column":44},"end":{"line":231,"column":52}}]},"86":{"type":"branch","line":234,"loc":{"start":{"line":234,"column":24},"end":{"line":236,"column":9}},"locations":[{"start":{"line":234,"column":24},"end":{"line":236,"column":9}}]},"87":{"type":"branch","line":235,"loc":{"start":{"line":235,"column":21},"end":{"line":235,"column":39}},"locations":[{"start":{"line":235,"column":21},"end":{"line":235,"column":39}}]},"88":{"type":"branch","line":235,"loc":{"start":{"line":235,"column":34},"end":{"line":235,"column":42}},"locations":[{"start":{"line":235,"column":34},"end":{"line":235,"column":42}}]},"89":{"type":"branch","line":236,"loc":{"start":{"line":236,"column":2},"end":{"line":239,"column":3}},"locations":[{"start":{"line":236,"column":2},"end":{"line":239,"column":3}}]},"90":{"type":"branch","line":237,"loc":{"start":{"line":237,"column":24},"end":{"line":237,"column":43}},"locations":[{"start":{"line":237,"column":24},"end":{"line":237,"column":43}}]},"91":{"type":"branch","line":237,"loc":{"start":{"line":237,"column":37},"end":{"line":237,"column":49}},"locations":[{"start":{"line":237,"column":37},"end":{"line":237,"column":49}}]},"92":{"type":"branch","line":237,"loc":{"start":{"line":237,"column":62},"end":{"line":237,"column":92}},"locations":[{"start":{"line":237,"column":62},"end":{"line":237,"column":92}}]},"93":{"type":"branch","line":237,"loc":{"start":{"line":237,"column":80},"end":{"line":237,"column":95}},"locations":[{"start":{"line":237,"column":80},"end":{"line":237,"column":95}}]},"94":{"type":"branch","line":238,"loc":{"start":{"line":238,"column":34},"end":{"line":238,"column":44}},"locations":[{"start":{"line":238,"column":34},"end":{"line":238,"column":44}}]}},"b":{"0":[72],"1":[0],"2":[138],"3":[66],"4":[72],"5":[7],"6":[0],"7":[0],"8":[3],"9":[1],"10":[0],"11":[0],"12":[6],"13":[0],"14":[6],"15":[2],"16":[4],"17":[0],"18":[0],"19":[4],"20":[0],"21":[62],"22":[25],"23":[37],"24":[7],"25":[0],"26":[1],"27":[0],"28":[6],"29":[1],"30":[0],"31":[5],"32":[2],"33":[3],"34":[76],"35":[73],"36":[4],"37":[4],"38":[79],"39":[77],"40":[3],"41":[76],"42":[4],"43":[72],"44":[13],"45":[72],"46":[12],"47":[0],"48":[0],"49":[0],"50":[60],"51":[24],"52":[4],"53":[0],"54":[20],"55":[0],"56":[0],"57":[0],"58":[36],"59":[0],"60":[72],"61":[13],"62":[59],"63":[72],"64":[65],"65":[37],"66":[28],"67":[1],"68":[27],"69":[7],"70":[3],"71":[6],"72":[1],"73":[55],"74":[48],"75":[53],"76":[3],"77":[52],"78":[11],"79":[52],"80":[2],"81":[50],"82":[49],"83":[2],"84":[48],"85":[0],"86":[7],"87":[2],"88":[5],"89":[41],"90":[8],"91":[33],"92":[18],"93":[23],"94":[0]},"fnMap":{"0":{"name":"groupThousandsStr","decl":{"start":{"line":44,"column":0},"end":{"line":53,"column":1}},"loc":{"start":{"line":44,"column":0},"end":{"line":53,"column":1}},"line":44},"1":{"name":"applyFixedDecimals","decl":{"start":{"line":56,"column":0},"end":{"line":78,"column":1}},"loc":{"start":{"line":56,"column":0},"end":{"line":78,"column":1}},"line":56},"2":{"name":"keepFirstCommaOnly","decl":{"start":{"line":81,"column":0},"end":{"line":85,"column":1}},"loc":{"start":{"line":81,"column":0},"end":{"line":85,"column":1}},"line":81},"3":{"name":"makeFixed","decl":{"start":{"line":88,"column":0},"end":{"line":110,"column":1}},"loc":{"start":{"line":88,"column":0},"end":{"line":110,"column":1}},"line":88},"4":{"name":"toNumber","decl":{"start":{"line":98,"column":4},"end":{"line":101,"column":6}},"loc":{"start":{"line":98,"column":4},"end":{"line":101,"column":6}},"line":98},"5":{"name":"toString","decl":{"start":{"line":102,"column":4},"end":{"line":108,"column":5}},"loc":{"start":{"line":102,"column":4},"end":{"line":108,"column":5}},"line":102},"6":{"name":"isFixedIdr","decl":{"start":{"line":112,"column":0},"end":{"line":114,"column":1}},"loc":{"start":{"line":112,"column":0},"end":{"line":114,"column":1}},"line":112},"7":{"name":"formatIdr","decl":{"start":{"line":138,"column":7},"end":{"line":191,"column":1}},"loc":{"start":{"line":138,"column":7},"end":{"line":191,"column":1}},"line":138},"8":{"name":"finish","decl":{"start":{"line":151,"column":2},"end":{"line":162,"column":3}},"loc":{"start":{"line":151,"column":2},"end":{"line":162,"column":3}},"line":151},"9":{"name":"parseIdr","decl":{"start":{"line":211,"column":7},"end":{"line":240,"column":1}},"loc":{"start":{"line":211,"column":7},"end":{"line":240,"column":1}},"line":211}},"f":{"0":72,"1":7,"2":62,"3":7,"4":1,"5":6,"6":76,"7":79,"8":72,"9":55}}
}
