{"/home/fusdev/Development/MyPackages/NPM/idr-formatting/src/index.ts": {"path":"/home/fusdev/Development/MyPackages/NPM/idr-formatting/src/index.ts","all":false,"statementMap":{"42":{"start":{"line":43,"column":0},"end":{"line":43,"column":83}},"43":{"start":{"line":44,"column":0},"end":{"line":44,"column":52}},"44":{"start":{"line":45,"column":0},"end":{"line":45,"column":44}},"45":{"start":{"line":46,"column":0},"end":{"line":46,"column":24}},"46":{"start":{"line":47,"column":0},"end":{"line":47,"column":29}},"48":{"start":{"line":49,"column":0},"end":{"line":49,"column":10}},"49":{"start":{"line":50,"column":0},"end":{"line":50,"column":9}},"50":{"start":{"line":51,"column":0},"end":{"line":51,"column":10}},"51":{"start":{"line":52,"column":0},"end":{"line":52,"column":10}},"52":{"start":{"line":53,"column":0},"end":{"line":53,"column":16}},"53":{"start":{"line":54,"column":0},"end":{"line":54,"column":51}},"54":{"start":{"line":55,"column":0},"end":{"line":55,"column":33}},"55":{"start":{"line":56,"column":0},"end":{"line":56,"column":6}},"56":{"start":{"line":57,"column":0},"end":{"line":57,"column":16}},"57":{"start":{"line":58,"column":0},"end":{"line":58,"column":73}},"58":{"start":{"line":59,"column":0},"end":{"line":59,"column":57}},"59":{"start":{"line":60,"column":0},"end":{"line":60,"column":47}},"60":{"start":{"line":61,"column":0},"end":{"line":61,"column":34}},"61":{"start":{"line":62,"column":0},"end":{"line":62,"column":57}},"62":{"start":{"line":63,"column":0},"end":{"line":63,"column":5}},"63":{"start":{"line":64,"column":0},"end":{"line":64,"column":3}},"64":{"start":{"line":65,"column":0},"end":{"line":65,"column":1}},"66":{"start":{"line":67,"column":0},"end":{"line":67,"column":48}},"67":{"start":{"line":68,"column":0},"end":{"line":68,"column":87}},"68":{"start":{"line":69,"column":0},"end":{"line":69,"column":1}},"71":{"start":{"line":72,"column":0},"end":{"line":72,"column":48}},"72":{"start":{"line":73,"column":0},"end":{"line":73,"column":28}},"73":{"start":{"line":74,"column":0},"end":{"line":74,"column":23}},"74":{"start":{"line":75,"column":0},"end":{"line":75,"column":65}},"75":{"start":{"line":76,"column":0},"end":{"line":76,"column":1}},"78":{"start":{"line":79,"column":0},"end":{"line":79,"column":41}},"79":{"start":{"line":80,"column":0},"end":{"line":80,"column":79}},"80":{"start":{"line":81,"column":0},"end":{"line":81,"column":1}},"118":{"start":{"line":119,"column":0},"end":{"line":119,"column":26}},"119":{"start":{"line":120,"column":0},"end":{"line":120,"column":55}},"120":{"start":{"line":121,"column":0},"end":{"line":121,"column":32}},"121":{"start":{"line":122,"column":0},"end":{"line":122,"column":11}},"122":{"start":{"line":123,"column":0},"end":{"line":123,"column":70}},"125":{"start":{"line":126,"column":0},"end":{"line":126,"column":26}},"127":{"start":{"line":128,"column":0},"end":{"line":128,"column":47}},"128":{"start":{"line":129,"column":0},"end":{"line":129,"column":3}},"130":{"start":{"line":131,"column":0},"end":{"line":131,"column":57}},"132":{"start":{"line":133,"column":0},"end":{"line":133,"column":32}},"133":{"start":{"line":134,"column":0},"end":{"line":134,"column":38}},"134":{"start":{"line":135,"column":0},"end":{"line":135,"column":76}},"137":{"start":{"line":138,"column":0},"end":{"line":138,"column":78}},"138":{"start":{"line":139,"column":0},"end":{"line":139,"column":30}},"139":{"start":{"line":140,"column":0},"end":{"line":140,"column":78}},"140":{"start":{"line":141,"column":0},"end":{"line":141,"column":69}},"141":{"start":{"line":142,"column":0},"end":{"line":142,"column":37}},"142":{"start":{"line":143,"column":0},"end":{"line":143,"column":12}},"144":{"start":{"line":145,"column":0},"end":{"line":145,"column":84}},"145":{"start":{"line":146,"column":0},"end":{"line":146,"column":43}},"146":{"start":{"line":147,"column":0},"end":{"line":147,"column":39}},"147":{"start":{"line":148,"column":0},"end":{"line":148,"column":47}},"148":{"start":{"line":149,"column":0},"end":{"line":149,"column":61}},"149":{"start":{"line":150,"column":0},"end":{"line":150,"column":5}},"150":{"start":{"line":151,"column":0},"end":{"line":151,"column":3}},"152":{"start":{"line":153,"column":0},"end":{"line":153,"column":18}},"155":{"start":{"line":156,"column":0},"end":{"line":156,"column":26}},"156":{"start":{"line":157,"column":0},"end":{"line":157,"column":44}},"157":{"start":{"line":158,"column":0},"end":{"line":158,"column":40}},"158":{"start":{"line":159,"column":0},"end":{"line":159,"column":45}},"159":{"start":{"line":160,"column":0},"end":{"line":160,"column":60}},"160":{"start":{"line":161,"column":0},"end":{"line":161,"column":50}},"161":{"start":{"line":162,"column":0},"end":{"line":162,"column":3}},"164":{"start":{"line":165,"column":0},"end":{"line":165,"column":31}},"165":{"start":{"line":166,"column":0},"end":{"line":166,"column":37}},"166":{"start":{"line":167,"column":0},"end":{"line":167,"column":79}},"167":{"start":{"line":168,"column":0},"end":{"line":168,"column":34}},"168":{"start":{"line":169,"column":0},"end":{"line":169,"column":41}},"169":{"start":{"line":170,"column":0},"end":{"line":170,"column":61}},"170":{"start":{"line":171,"column":0},"end":{"line":171,"column":43}},"171":{"start":{"line":172,"column":0},"end":{"line":172,"column":12}},"173":{"start":{"line":174,"column":0},"end":{"line":174,"column":48}},"174":{"start":{"line":175,"column":0},"end":{"line":175,"column":55}},"175":{"start":{"line":176,"column":0},"end":{"line":176,"column":56}},"176":{"start":{"line":177,"column":0},"end":{"line":177,"column":64}},"177":{"start":{"line":178,"column":0},"end":{"line":178,"column":54}},"178":{"start":{"line":179,"column":0},"end":{"line":179,"column":5}},"179":{"start":{"line":180,"column":0},"end":{"line":180,"column":3}},"182":{"start":{"line":183,"column":0},"end":{"line":183,"column":8}},"183":{"start":{"line":184,"column":0},"end":{"line":184,"column":45}},"184":{"start":{"line":185,"column":0},"end":{"line":185,"column":63}},"185":{"start":{"line":186,"column":0},"end":{"line":186,"column":41}},"186":{"start":{"line":187,"column":0},"end":{"line":187,"column":3}},"188":{"start":{"line":189,"column":0},"end":{"line":189,"column":43}},"189":{"start":{"line":190,"column":0},"end":{"line":190,"column":1}},"220":{"start":{"line":221,"column":0},"end":{"line":221,"column":25}},"221":{"start":{"line":222,"column":0},"end":{"line":222,"column":42}},"222":{"start":{"line":223,"column":0},"end":{"line":223,"column":28}},"223":{"start":{"line":224,"column":0},"end":{"line":224,"column":29}},"224":{"start":{"line":225,"column":0},"end":{"line":225,"column":36}},"225":{"start":{"line":226,"column":0},"end":{"line":226,"column":66}},"227":{"start":{"line":228,"column":0},"end":{"line":228,"column":28}},"228":{"start":{"line":229,"column":0},"end":{"line":229,"column":38}},"229":{"start":{"line":230,"column":0},"end":{"line":230,"column":32}},"232":{"start":{"line":233,"column":0},"end":{"line":233,"column":32}},"233":{"start":{"line":234,"column":0},"end":{"line":234,"column":21}},"236":{"start":{"line":237,"column":0},"end":{"line":237,"column":27}},"239":{"start":{"line":240,"column":0},"end":{"line":240,"column":59}},"240":{"start":{"line":241,"column":0},"end":{"line":241,"column":58}},"242":{"start":{"line":243,"column":0},"end":{"line":243,"column":53}},"243":{"start":{"line":244,"column":0},"end":{"line":244,"column":52}},"244":{"start":{"line":245,"column":0},"end":{"line":245,"column":45}},"246":{"start":{"line":247,"column":0},"end":{"line":247,"column":25}},"247":{"start":{"line":248,"column":0},"end":{"line":248,"column":63}},"248":{"start":{"line":249,"column":0},"end":{"line":249,"column":10}},"249":{"start":{"line":250,"column":0},"end":{"line":250,"column":96}},"250":{"start":{"line":251,"column":0},"end":{"line":251,"column":44}},"251":{"start":{"line":252,"column":0},"end":{"line":252,"column":3}},"252":{"start":{"line":253,"column":0},"end":{"line":253,"column":1}}},"s":{"42":4,"43":4,"44":4,"45":4,"46":4,"48":4,"49":4,"50":4,"51":4,"52":4,"53":1,"54":1,"55":1,"56":4,"57":3,"58":3,"59":3,"60":3,"61":3,"62":3,"63":4,"64":4,"66":67,"67":67,"68":67,"71":57,"72":57,"73":57,"74":33,"75":33,"78":69,"79":69,"80":69,"118":1,"119":70,"120":70,"121":70,"122":70,"125":70,"127":1,"128":1,"130":66,"132":66,"133":66,"134":70,"137":66,"138":66,"139":63,"140":63,"141":63,"142":66,"144":3,"145":3,"146":3,"147":3,"148":3,"149":3,"150":66,"152":66,"155":70,"156":10,"157":10,"158":10,"159":10,"160":10,"161":10,"164":56,"165":21,"166":21,"167":21,"168":4,"169":4,"170":4,"171":21,"173":17,"174":17,"175":17,"176":17,"177":17,"178":17,"179":21,"182":35,"183":35,"184":35,"185":35,"186":35,"188":70,"189":70,"220":1,"221":52,"222":52,"223":52,"224":52,"225":52,"227":49,"228":49,"229":52,"232":49,"233":52,"236":47,"239":47,"240":52,"242":45,"243":52,"244":52,"246":52,"247":4,"248":52,"249":41,"250":41,"251":41,"252":52},"branchMap":{"0":{"type":"branch","line":43,"loc":{"start":{"line":43,"column":0},"end":{"line":65,"column":1}},"locations":[{"start":{"line":43,"column":0},"end":{"line":65,"column":1}}]},"1":{"type":"branch","line":44,"loc":{"start":{"line":44,"column":44},"end":{"line":44,"column":52}},"locations":[{"start":{"line":44,"column":44},"end":{"line":44,"column":52}}]},"2":{"type":"branch","line":53,"loc":{"start":{"line":53,"column":4},"end":{"line":56,"column":6}},"locations":[{"start":{"line":53,"column":4},"end":{"line":56,"column":6}}]},"3":{"type":"branch","line":55,"loc":{"start":{"line":55,"column":22},"end":{"line":55,"column":32}},"locations":[{"start":{"line":55,"column":22},"end":{"line":55,"column":32}}]},"4":{"type":"branch","line":57,"loc":{"start":{"line":57,"column":4},"end":{"line":63,"column":5}},"locations":[{"start":{"line":57,"column":4},"end":{"line":63,"column":5}}]},"5":{"type":"branch","line":58,"loc":{"start":{"line":58,"column":23},"end":{"line":58,"column":73}},"locations":[{"start":{"line":58,"column":23},"end":{"line":58,"column":73}}]},"6":{"type":"branch","line":62,"loc":{"start":{"line":62,"column":23},"end":{"line":62,"column":34}},"locations":[{"start":{"line":62,"column":23},"end":{"line":62,"column":34}}]},"7":{"type":"branch","line":62,"loc":{"start":{"line":62,"column":28},"end":{"line":62,"column":40}},"locations":[{"start":{"line":62,"column":28},"end":{"line":62,"column":40}}]},"8":{"type":"branch","line":67,"loc":{"start":{"line":67,"column":0},"end":{"line":69,"column":1}},"locations":[{"start":{"line":67,"column":0},"end":{"line":69,"column":1}}]},"9":{"type":"branch","line":68,"loc":{"start":{"line":68,"column":11},"end":{"line":68,"column":41}},"locations":[{"start":{"line":68,"column":11},"end":{"line":68,"column":41}}]},"10":{"type":"branch","line":68,"loc":{"start":{"line":68,"column":29},"end":{"line":68,"column":66}},"locations":[{"start":{"line":68,"column":29},"end":{"line":68,"column":66}}]},"11":{"type":"branch","line":68,"loc":{"start":{"line":68,"column":53},"end":{"line":68,"column":87}},"locations":[{"start":{"line":68,"column":53},"end":{"line":68,"column":87}}]},"12":{"type":"branch","line":72,"loc":{"start":{"line":72,"column":0},"end":{"line":76,"column":1}},"locations":[{"start":{"line":72,"column":0},"end":{"line":76,"column":1}}]},"13":{"type":"branch","line":74,"loc":{"start":{"line":74,"column":15},"end":{"line":74,"column":23}},"locations":[{"start":{"line":74,"column":15},"end":{"line":74,"column":23}}]},"14":{"type":"branch","line":74,"loc":{"start":{"line":74,"column":22},"end":{"line":76,"column":1}},"locations":[{"start":{"line":74,"column":22},"end":{"line":76,"column":1}}]},"15":{"type":"branch","line":79,"loc":{"start":{"line":79,"column":0},"end":{"line":81,"column":1}},"locations":[{"start":{"line":79,"column":0},"end":{"line":81,"column":1}}]},"16":{"type":"branch","line":119,"loc":{"start":{"line":119,"column":7},"end":{"line":190,"column":1}},"locations":[{"start":{"line":119,"column":7},"end":{"line":190,"column":1}}]},"17":{"type":"branch","line":123,"loc":{"start":{"line":123,"column":16},"end":{"line":123,"column":47}},"locations":[{"start":{"line":123,"column":16},"end":{"line":123,"column":47}}]},"18":{"type":"branch","line":123,"loc":{"start":{"line":123,"column":34},"end":{"line":123,"column":61}},"locations":[{"start":{"line":123,"column":34},"end":{"line":123,"column":61}}]},"19":{"type":"branch","line":123,"loc":{"start":{"line":123,"column":61},"end":{"line":123,"column":70}},"locations":[{"start":{"line":123,"column":61},"end":{"line":123,"column":70}}]},"20":{"type":"branch","line":123,"loc":{"start":{"line":123,"column":68},"end":{"line":126,"column":25}},"locations":[{"start":{"line":123,"column":68},"end":{"line":126,"column":25}}]},"21":{"type":"branch","line":126,"loc":{"start":{"line":126,"column":25},"end":{"line":129,"column":3}},"locations":[{"start":{"line":126,"column":25},"end":{"line":129,"column":3}}]},"22":{"type":"branch","line":129,"loc":{"start":{"line":129,"column":2},"end":{"line":135,"column":22}},"locations":[{"start":{"line":129,"column":2},"end":{"line":135,"column":22}}]},"23":{"type":"branch","line":135,"loc":{"start":{"line":135,"column":16},"end":{"line":135,"column":76}},"locations":[{"start":{"line":135,"column":16},"end":{"line":135,"column":76}}]},"24":{"type":"branch","line":135,"loc":{"start":{"line":135,"column":33},"end":{"line":156,"column":25}},"locations":[{"start":{"line":135,"column":33},"end":{"line":156,"column":25}}]},"25":{"type":"branch","line":156,"loc":{"start":{"line":156,"column":25},"end":{"line":162,"column":3}},"locations":[{"start":{"line":156,"column":25},"end":{"line":162,"column":3}}]},"26":{"type":"branch","line":160,"loc":{"start":{"line":160,"column":44},"end":{"line":160,"column":58}},"locations":[{"start":{"line":160,"column":44},"end":{"line":160,"column":58}}]},"27":{"type":"branch","line":162,"loc":{"start":{"line":162,"column":2},"end":{"line":187,"column":3}},"locations":[{"start":{"line":162,"column":2},"end":{"line":187,"column":3}}]},"28":{"type":"branch","line":165,"loc":{"start":{"line":165,"column":30},"end":{"line":180,"column":3}},"locations":[{"start":{"line":165,"column":30},"end":{"line":180,"column":3}}]},"29":{"type":"branch","line":168,"loc":{"start":{"line":168,"column":33},"end":{"line":172,"column":11}},"locations":[{"start":{"line":168,"column":33},"end":{"line":172,"column":11}}]},"30":{"type":"branch","line":170,"loc":{"start":{"line":170,"column":46},"end":{"line":170,"column":59}},"locations":[{"start":{"line":170,"column":46},"end":{"line":170,"column":59}}]},"31":{"type":"branch","line":172,"loc":{"start":{"line":172,"column":4},"end":{"line":179,"column":5}},"locations":[{"start":{"line":172,"column":4},"end":{"line":179,"column":5}}]},"32":{"type":"branch","line":175,"loc":{"start":{"line":175,"column":25},"end":{"line":175,"column":37}},"locations":[{"start":{"line":175,"column":25},"end":{"line":175,"column":37}}]},"33":{"type":"branch","line":176,"loc":{"start":{"line":176,"column":25},"end":{"line":176,"column":38}},"locations":[{"start":{"line":176,"column":25},"end":{"line":176,"column":38}}]},"34":{"type":"branch","line":177,"loc":{"start":{"line":177,"column":46},"end":{"line":177,"column":62}},"locations":[{"start":{"line":177,"column":46},"end":{"line":177,"column":62}}]},"35":{"type":"branch","line":180,"loc":{"start":{"line":180,"column":2},"end":{"line":187,"column":3}},"locations":[{"start":{"line":180,"column":2},"end":{"line":187,"column":3}}]},"36":{"type":"branch","line":185,"loc":{"start":{"line":185,"column":44},"end":{"line":185,"column":61}},"locations":[{"start":{"line":185,"column":44},"end":{"line":185,"column":61}}]},"37":{"type":"branch","line":187,"loc":{"start":{"line":187,"column":2},"end":{"line":189,"column":20}},"locations":[{"start":{"line":187,"column":2},"end":{"line":189,"column":20}}]},"38":{"type":"branch","line":189,"loc":{"start":{"line":189,"column":9},"end":{"line":189,"column":36}},"locations":[{"start":{"line":189,"column":9},"end":{"line":189,"column":36}}]},"39":{"type":"branch","line":189,"loc":{"start":{"line":189,"column":31},"end":{"line":189,"column":43}},"locations":[{"start":{"line":189,"column":31},"end":{"line":189,"column":43}}]},"40":{"type":"branch","line":138,"loc":{"start":{"line":138,"column":2},"end":{"line":151,"column":3}},"locations":[{"start":{"line":138,"column":2},"end":{"line":151,"column":3}}]},"41":{"type":"branch","line":139,"loc":{"start":{"line":139,"column":29},"end":{"line":143,"column":11}},"locations":[{"start":{"line":139,"column":29},"end":{"line":143,"column":11}}]},"42":{"type":"branch","line":140,"loc":{"start":{"line":140,"column":26},"end":{"line":140,"column":59}},"locations":[{"start":{"line":140,"column":26},"end":{"line":140,"column":59}}]},"43":{"type":"branch","line":140,"loc":{"start":{"line":140,"column":59},"end":{"line":140,"column":78}},"locations":[{"start":{"line":140,"column":59},"end":{"line":140,"column":78}}]},"44":{"type":"branch","line":140,"loc":{"start":{"line":140,"column":66},"end":{"line":141,"column":29}},"locations":[{"start":{"line":140,"column":66},"end":{"line":141,"column":29}}]},"45":{"type":"branch","line":141,"loc":{"start":{"line":141,"column":18},"end":{"line":141,"column":58}},"locations":[{"start":{"line":141,"column":18},"end":{"line":141,"column":58}}]},"46":{"type":"branch","line":141,"loc":{"start":{"line":141,"column":54},"end":{"line":141,"column":69}},"locations":[{"start":{"line":141,"column":54},"end":{"line":141,"column":69}}]},"47":{"type":"branch","line":143,"loc":{"start":{"line":143,"column":4},"end":{"line":150,"column":5}},"locations":[{"start":{"line":143,"column":4},"end":{"line":150,"column":5}}]},"48":{"type":"branch","line":145,"loc":{"start":{"line":145,"column":63},"end":{"line":145,"column":81}},"locations":[{"start":{"line":145,"column":63},"end":{"line":145,"column":81}}]},"49":{"type":"branch","line":149,"loc":{"start":{"line":149,"column":24},"end":{"line":149,"column":51}},"locations":[{"start":{"line":149,"column":24},"end":{"line":149,"column":51}}]},"50":{"type":"branch","line":149,"loc":{"start":{"line":149,"column":46},"end":{"line":149,"column":61}},"locations":[{"start":{"line":149,"column":46},"end":{"line":149,"column":61}}]},"51":{"type":"branch","line":221,"loc":{"start":{"line":221,"column":7},"end":{"line":253,"column":1}},"locations":[{"start":{"line":221,"column":7},"end":{"line":253,"column":1}}]},"52":{"type":"branch","line":225,"loc":{"start":{"line":225,"column":20},"end":{"line":225,"column":36}},"locations":[{"start":{"line":225,"column":20},"end":{"line":225,"column":36}}]},"53":{"type":"branch","line":226,"loc":{"start":{"line":226,"column":14},"end":{"line":226,"column":43}},"locations":[{"start":{"line":226,"column":14},"end":{"line":226,"column":43}}]},"54":{"type":"branch","line":226,"loc":{"start":{"line":226,"column":30},"end":{"line":226,"column":55}},"locations":[{"start":{"line":226,"column":30},"end":{"line":226,"column":55}}]},"55":{"type":"branch","line":226,"loc":{"start":{"line":226,"column":55},"end":{"line":226,"column":66}},"locations":[{"start":{"line":226,"column":55},"end":{"line":226,"column":66}}]},"56":{"type":"branch","line":226,"loc":{"start":{"line":226,"column":62},"end":{"line":230,"column":22}},"locations":[{"start":{"line":226,"column":62},"end":{"line":230,"column":22}}]},"57":{"type":"branch","line":230,"loc":{"start":{"line":230,"column":18},"end":{"line":230,"column":32}},"locations":[{"start":{"line":230,"column":18},"end":{"line":230,"column":32}}]},"58":{"type":"branch","line":230,"loc":{"start":{"line":230,"column":31},"end":{"line":234,"column":17}},"locations":[{"start":{"line":230,"column":31},"end":{"line":234,"column":17}}]},"59":{"type":"branch","line":234,"loc":{"start":{"line":234,"column":10},"end":{"line":234,"column":21}},"locations":[{"start":{"line":234,"column":10},"end":{"line":234,"column":21}}]},"60":{"type":"branch","line":234,"loc":{"start":{"line":234,"column":17},"end":{"line":241,"column":27}},"locations":[{"start":{"line":234,"column":17},"end":{"line":241,"column":27}}]},"61":{"type":"branch","line":241,"loc":{"start":{"line":241,"column":21},"end":{"line":241,"column":47}},"locations":[{"start":{"line":241,"column":21},"end":{"line":241,"column":47}}]},"62":{"type":"branch","line":241,"loc":{"start":{"line":241,"column":47},"end":{"line":241,"column":58}},"locations":[{"start":{"line":241,"column":47},"end":{"line":241,"column":58}}]},"63":{"type":"branch","line":241,"loc":{"start":{"line":241,"column":54},"end":{"line":244,"column":49}},"locations":[{"start":{"line":241,"column":54},"end":{"line":244,"column":49}}]},"64":{"type":"branch","line":244,"loc":{"start":{"line":244,"column":44},"end":{"line":244,"column":52}},"locations":[{"start":{"line":244,"column":44},"end":{"line":244,"column":52}}]},"65":{"type":"branch","line":247,"loc":{"start":{"line":247,"column":24},"end":{"line":249,"column":9}},"locations":[{"start":{"line":247,"column":24},"end":{"line":249,"column":9}}]},"66":{"type":"branch","line":248,"loc":{"start":{"line":248,"column":21},"end":{"line":248,"column":39}},"locations":[{"start":{"line":248,"column":21},"end":{"line":248,"column":39}}]},"67":{"type":"branch","line":248,"loc":{"start":{"line":248,"column":34},"end":{"line":248,"column":42}},"locations":[{"start":{"line":248,"column":34},"end":{"line":248,"column":42}}]},"68":{"type":"branch","line":249,"loc":{"start":{"line":249,"column":2},"end":{"line":252,"column":3}},"locations":[{"start":{"line":249,"column":2},"end":{"line":252,"column":3}}]},"69":{"type":"branch","line":250,"loc":{"start":{"line":250,"column":24},"end":{"line":250,"column":43}},"locations":[{"start":{"line":250,"column":24},"end":{"line":250,"column":43}}]},"70":{"type":"branch","line":250,"loc":{"start":{"line":250,"column":37},"end":{"line":250,"column":49}},"locations":[{"start":{"line":250,"column":37},"end":{"line":250,"column":49}}]},"71":{"type":"branch","line":250,"loc":{"start":{"line":250,"column":62},"end":{"line":250,"column":92}},"locations":[{"start":{"line":250,"column":62},"end":{"line":250,"column":92}}]},"72":{"type":"branch","line":250,"loc":{"start":{"line":250,"column":80},"end":{"line":250,"column":95}},"locations":[{"start":{"line":250,"column":80},"end":{"line":250,"column":95}}]},"73":{"type":"branch","line":251,"loc":{"start":{"line":251,"column":34},"end":{"line":251,"column":44}},"locations":[{"start":{"line":251,"column":34},"end":{"line":251,"column":44}}]}},"b":{"0":[4],"1":[0],"2":[1],"3":[0],"4":[3],"5":[0],"6":[1],"7":[2],"8":[67],"9":[64],"10":[1],"11":[1],"12":[57],"13":[24],"14":[33],"15":[69],"16":[70],"17":[69],"18":[68],"19":[3],"20":[67],"21":[1],"22":[66],"23":[12],"24":[66],"25":[10],"26":[0],"27":[56],"28":[21],"29":[4],"30":[0],"31":[17],"32":[0],"33":[0],"34":[0],"35":[35],"36":[0],"37":[66],"38":[12],"39":[54],"40":[66],"41":[63],"42":[26],"43":[37],"44":[26],"45":[1],"46":[25],"47":[3],"48":[2],"49":[2],"50":[1],"51":[52],"52":[48],"53":[51],"54":[50],"55":[3],"56":[49],"57":[10],"58":[49],"59":[2],"60":[47],"61":[46],"62":[2],"63":[45],"64":[0],"65":[4],"66":[1],"67":[3],"68":[41],"69":[8],"70":[33],"71":[18],"72":[23],"73":[0]},"fnMap":{"0":{"name":"makeFixed","decl":{"start":{"line":43,"column":0},"end":{"line":65,"column":1}},"loc":{"start":{"line":43,"column":0},"end":{"line":65,"column":1}},"line":43},"1":{"name":"toNumber","decl":{"start":{"line":53,"column":4},"end":{"line":56,"column":6}},"loc":{"start":{"line":53,"column":4},"end":{"line":56,"column":6}},"line":53},"2":{"name":"toString","decl":{"start":{"line":57,"column":4},"end":{"line":63,"column":5}},"loc":{"start":{"line":57,"column":4},"end":{"line":63,"column":5}},"line":57},"3":{"name":"isFixedIdr","decl":{"start":{"line":67,"column":0},"end":{"line":69,"column":1}},"loc":{"start":{"line":67,"column":0},"end":{"line":69,"column":1}},"line":67},"4":{"name":"keepFirstCommaOnly","decl":{"start":{"line":72,"column":0},"end":{"line":76,"column":1}},"loc":{"start":{"line":72,"column":0},"end":{"line":76,"column":1}},"line":72},"5":{"name":"idThousands","decl":{"start":{"line":79,"column":0},"end":{"line":81,"column":1}},"loc":{"start":{"line":79,"column":0},"end":{"line":81,"column":1}},"line":79},"6":{"name":"formatIdr","decl":{"start":{"line":119,"column":7},"end":{"line":190,"column":1}},"loc":{"start":{"line":119,"column":7},"end":{"line":190,"column":1}},"line":119},"7":{"name":"applyDecimals","decl":{"start":{"line":138,"column":2},"end":{"line":151,"column":3}},"loc":{"start":{"line":138,"column":2},"end":{"line":151,"column":3}},"line":138},"8":{"name":"parseIdr","decl":{"start":{"line":221,"column":7},"end":{"line":253,"column":1}},"loc":{"start":{"line":221,"column":7},"end":{"line":253,"column":1}},"line":221}},"f":{"0":4,"1":1,"2":3,"3":67,"4":57,"5":69,"6":70,"7":66,"8":52}}
}
